<?xml version="1.0" encoding="UTF-8"?>
<testsuite name="traceable.ai.LdapInjectionDemoVertx.TestMainVerticle" tests="1" skipped="0" failures="0" errors="0" timestamp="2023-03-13T18:54:45" hostname="Soujanyas-MacBook-Pro.local" time="0.608">
  <properties/>
  <testcase name="verticle_deployed(Vertx, VertxTestContext)" classname="traceable.ai.LdapInjectionDemoVertx.TestMainVerticle" time="0.608"/>
  <system-out><![CDATA[HTTP server started on port 8888
]]></system-out>
  <system-err><![CDATA[Mar 14, 2023 12:24:46 AM io.netty.resolver.dns.DnsServerAddressStreamProviders <clinit>
WARNING: Can not find io.netty.resolver.dns.macos.MacOSDnsServerAddressStreamProvider in the classpath, fallback to system defaults. This may result in incorrect DNS resolutions on MacOS. Check whether you have a dependency on 'io.netty:netty-resolver-dns-native-macos'
]]></system-err>
</testsuite>
